  Process "parse.y" bison file
  Process "scan.l" flex file
  Analyse.cpp
  D:\编译原理实验\MiniC\Analyse.cpp: warning C4819: 该文件包含不能在当前代码页(936)中表示的字符。请将该文件保存为 Unicode 格式以防止数据丢失
  D:\编译原理实验\MiniC\Analyse.h: warning C4819: 该文件包含不能在当前代码页(936)中表示的字符。请将该文件保存为 Unicode 格式以防止数据丢失
  Cgen.cpp
D:\编译原理实验\MiniC\main.h(89,2): warning C4091:  “typedef ”: 没有声明变量时忽略“node”的左侧
D:\编译原理实验\MiniC\main.h(89,2): warning C4091: D:\编译原理实验\MiniC\Symtab.h: warning C4819: 该文件包含不能在当前代码页(936)中表示的字符。请将该文件保存为 Unicode 格式以防止数据丢失
D:\编译原理实验\MiniC\main.h(89,2): warning C4091: D:\编译原理实验\MiniC\Cgen.cpp: warning C4819: 该文件包含不能在当前代码页(936)中表示的字符。请将该文件保存为 Unicode 格式以防止数据丢失
D:\编译原理实验\MiniC\main.h(89,2): warning C4091:  “typedef ”: 没有声明变量时忽略“node”的左侧
D:\编译原理实验\MiniC\main.h(89,2): warning C4091: D:\编译原理实验\MiniC\Code.h: warning C4819: 该文件包含不能在当前代码页(936)中表示的字符。请将该文件保存为 Unicode 格式以防止数据丢失
D:\编译原理实验\MiniC\main.h(89,2): warning C4091: D:\编译原理实验\MiniC\symtab.h: warning C4819: 该文件包含不能在当前代码页(936)中表示的字符。请将该文件保存为 Unicode 格式以防止数据丢失
  Code.cpp
D:\编译原理实验\MiniC\Cgen.cpp(314,16): warning C4101:  “fun”: 未引用的局部变量
D:\编译原理实验\MiniC\Cgen.cpp(314,16): warning C4101: D:\编译原理实验\MiniC\Code.cpp: warning C4819: 该文件包含不能在当前代码页(936)中表示的字符。请将该文件保存为 Unicode 格式以防止数据丢失
D:\编译原理实验\MiniC\Cgen.cpp(314,16): warning C4101: D:\编译原理实验\MiniC\Code.h: warning C4819: 该文件包含不能在当前代码页(936)中表示的字符。请将该文件保存为 Unicode 格式以防止数据丢失
  parse.tab.cpp
D:\编译原理实验\MiniC\main.h(89,2): warning C4091:  “typedef ”: 没有声明变量时忽略“node”的左侧
D:\编译原理实验\MiniC\main.h(89,2): warning C4091:  “typedef ”: 没有声明变量时忽略“node”的左侧
D:\编译原理实验\MiniC\main.h(89,2): warning C4091: D:\编译原理实验\MiniC\utils.h: warning C4819: 该文件包含不能在当前代码页(936)中表示的字符。请将该文件保存为 Unicode 格式以防止数据丢失
  scan.flex.cpp
D:\编译原理实验\MiniC\parse.tab.cpp(1189,5): warning C4065:  switch 语句包含“default”但是未包含“case”标签
D:\编译原理实验\MiniC\parse.tab.cpp(1189,5): warning C4065: D:\编译原理实验\MiniC\scan.flex.cpp: warning C4819: 该文件包含不能在当前代码页(936)中表示的字符。请将该文件保存为 Unicode 格式以防止数据丢失
C:\Program Files (x86)\Microsoft Visual Studio\2019\Community\VC\Tools\MSVC\14.21.27702\include\stdint.h(48,1): warning C4005:  “INT8_MIN”: 宏重定义
D:\编译原理实验\MiniC\scan.flex.cpp(59): message :  参见“INT8_MIN”的前一个定义
C:\Program Files (x86)\Microsoft Visual Studio\2019\Community\VC\Tools\MSVC\14.21.27702\include\stdint.h(49,1): warning C4005:  “INT16_MIN”: 宏重定义
D:\编译原理实验\MiniC\scan.flex.cpp(62): message :  参见“INT16_MIN”的前一个定义
C:\Program Files (x86)\Microsoft Visual Studio\2019\Community\VC\Tools\MSVC\14.21.27702\include\stdint.h(50,1): warning C4005:  “INT32_MIN”: 宏重定义
D:\编译原理实验\MiniC\scan.flex.cpp(65): message :  参见“INT32_MIN”的前一个定义
C:\Program Files (x86)\Microsoft Visual Studio\2019\Community\VC\Tools\MSVC\14.21.27702\include\stdint.h(52,1): warning C4005:  “INT8_MAX”: 宏重定义
D:\编译原理实验\MiniC\scan.flex.cpp(68): message :  参见“INT8_MAX”的前一个定义
C:\Program Files (x86)\Microsoft Visual Studio\2019\Community\VC\Tools\MSVC\14.21.27702\include\stdint.h(53,1): warning C4005:  “INT16_MAX”: 宏重定义
D:\编译原理实验\MiniC\scan.flex.cpp(71): message :  参见“INT16_MAX”的前一个定义
C:\Program Files (x86)\Microsoft Visual Studio\2019\Community\VC\Tools\MSVC\14.21.27702\include\stdint.h(54,1): warning C4005:  “INT32_MAX”: 宏重定义
D:\编译原理实验\MiniC\scan.flex.cpp(74): message :  参见“INT32_MAX”的前一个定义
C:\Program Files (x86)\Microsoft Visual Studio\2019\Community\VC\Tools\MSVC\14.21.27702\include\stdint.h(56,1): warning C4005:  “UINT8_MAX”: 宏重定义
D:\编译原理实验\MiniC\scan.flex.cpp(77): message :  参见“UINT8_MAX”的前一个定义
C:\Program Files (x86)\Microsoft Visual Studio\2019\Community\VC\Tools\MSVC\14.21.27702\include\stdint.h(57,1): warning C4005:  “UINT16_MAX”: 宏重定义
D:\编译原理实验\MiniC\scan.flex.cpp(80): message :  参见“UINT16_MAX”的前一个定义
C:\Program Files (x86)\Microsoft Visual Studio\2019\Community\VC\Tools\MSVC\14.21.27702\include\stdint.h(58,1): warning C4005:  “UINT32_MAX”: 宏重定义
D:\编译原理实验\MiniC\scan.flex.cpp(83): message :  参见“UINT32_MAX”的前一个定义
D:\编译原理实验\MiniC\main.h(89,2): warning C4091:  “typedef ”: 没有声明变量时忽略“node”的左侧
  MiniCAnalyser.cpp
D:\编译原理实验\MiniC\scan.flex.cpp(1048,3): warning C4819:  该文件包含不能在当前代码页(936)中表示的字符。请将该文件保存为 Unicode 格式以防止数据丢失
  MiniCAnalyserDlg.cpp
D:\编译原理实验\MiniC\main.h(89,2): warning C4091:  “typedef ”: 没有声明变量时忽略“node”的左侧
D:\编译原理实验\MiniC\main.h(89,2): warning C4091: D:\编译原理实验\MiniC\utils.h: warning C4819: 该文件包含不能在当前代码页(936)中表示的字符。请将该文件保存为 Unicode 格式以防止数据丢失
D:\编译原理实验\MiniC\main.h(89,2): warning C4091: D:\编译原理实验\MiniC\utils.h: warning C4819: 该文件包含不能在当前代码页(936)中表示的字符。请将该文件保存为 Unicode 格式以防止数据丢失
  Symtab.cpp
  utils.cpp
D:\编译原理实验\MiniC\main.h(89,2): warning C4091:  “typedef ”: 没有声明变量时忽略“node”的左侧
D:\编译原理实验\MiniC\main.h(89,2): warning C4091: D:\编译原理实验\MiniC\Analyse.h: warning C4819: 该文件包含不能在当前代码页(936)中表示的字符。请将该文件保存为 Unicode 格式以防止数据丢失
D:\编译原理实验\MiniC\main.h(89,2): warning C4091: D:\编译原理实验\MiniC\Symtab.h: warning C4819: 该文件包含不能在当前代码页(936)中表示的字符。请将该文件保存为 Unicode 格式以防止数据丢失
D:\编译原理实验\MiniC\main.h(89,2): warning C4091: D:\编译原理实验\MiniC\Symtab.cpp: warning C4819: 该文件包含不能在当前代码页(936)中表示的字符。请将该文件保存为 Unicode 格式以防止数据丢失
D:\编译原理实验\MiniC\main.h(89,2): warning C4091: D:\编译原理实验\MiniC\Symtab.h: warning C4819: 该文件包含不能在当前代码页(936)中表示的字符。请将该文件保存为 Unicode 格式以防止数据丢失
D:\编译原理实验\MiniC\main.h(89,2): warning C4091: D:\编译原理实验\MiniC\utils.cpp: warning C4819: 该文件包含不能在当前代码页(936)中表示的字符。请将该文件保存为 Unicode 格式以防止数据丢失
D:\编译原理实验\MiniC\main.h(89,2): warning C4091: D:\编译原理实验\MiniC\utils.h: warning C4819: 该文件包含不能在当前代码页(936)中表示的字符。请将该文件保存为 Unicode 格式以防止数据丢失
D:\编译原理实验\MiniC\main.h(89,2): warning C4091:  “typedef ”: 没有声明变量时忽略“node”的左侧
  正在生成代码
  Previous IPDB not found, fall back to full compilation.
  All 349 functions were compiled because no usable IPDB/IOBJ from previous compilation was found.
  已完成代码的生成
  MiniCAnalyser.vcxproj -> D:\编译原理实验\MiniC\x64\Release\MiniCAnalyser.exe
